Virtual User Script started at: 08/10/2018 10:12:11
Starting action vuser_init.
Web Turbo Replay of LoadRunner 12.60.0 for Windows 10; build 971 (août 09 2018 11:27:13)  	[MsgId: MMSG-26983]
Run mode: HTML  	[MsgId: MMSG-26993]
Replay user agent: Mozilla/5.0 (Windows NT 10.0; WOW64; Trident/7.0; rv:11.0) like Gecko  	[MsgId: MMSG-26988]
Runtime Settings file: "C:\Users\stagiaire\Documents\VuGen\Scripts\Petstore2_v3\\default.cfg"  	[MsgId: MMSG-27141]
vuser_init.c(3): web_set_sockets_option started  	[MsgId: MMSG-26355]
vuser_init.c(3): web_set_sockets_option was successful  	[MsgId: MMSG-26392]
vuser_init.c(5): web_reg_find started  	[MsgId: MMSG-26355]
vuser_init.c(5): Registering web_reg_find was successful  	[MsgId: MMSG-26390]
vuser_init.c(8): web_url("catalog") started  	[MsgId: MMSG-26355]
vuser_init.c(8): Found resource "https://jpetstore.cfapps.io/css/jpetstore.css" in HTML "https://jpetstore.cfapps.io/catalog"  	[MsgId: MMSG-26659]
vuser_init.c(8): Found resource "https://jpetstore.cfapps.io/images/logo-topbar.gif" in HTML "https://jpetstore.cfapps.io/catalog"  	[MsgId: MMSG-26659]
vuser_init.c(8): Found resource "https://jpetstore.cfapps.io/images/cart.gif" in HTML "https://jpetstore.cfapps.io/catalog"  	[MsgId: MMSG-26659]
vuser_init.c(8): Found resource "https://jpetstore.cfapps.io/images/separator.gif" in HTML "https://jpetstore.cfapps.io/catalog"  	[MsgId: MMSG-26659]
vuser_init.c(8): Found resource "https://jpetstore.cfapps.io/images/sm_fish.gif" in HTML "https://jpetstore.cfapps.io/catalog"  	[MsgId: MMSG-26659]
vuser_init.c(8): Found resource "https://jpetstore.cfapps.io/images/sm_dogs.gif" in HTML "https://jpetstore.cfapps.io/catalog"  	[MsgId: MMSG-26659]
vuser_init.c(8): Found resource "https://jpetstore.cfapps.io/images/sm_reptiles.gif" in HTML "https://jpetstore.cfapps.io/catalog"  	[MsgId: MMSG-26659]
vuser_init.c(8): Found resource "https://jpetstore.cfapps.io/images/sm_cats.gif" in HTML "https://jpetstore.cfapps.io/catalog"  	[MsgId: MMSG-26659]
vuser_init.c(8): Found resource "https://jpetstore.cfapps.io/images/sm_birds.gif" in HTML "https://jpetstore.cfapps.io/catalog"  	[MsgId: MMSG-26659]
vuser_init.c(8): Downloading resource "https://jpetstore.cfapps.io/favicon.ico" (specified by argument number 10)  	[MsgId: MMSG-26577]
vuser_init.c(8): Found resource "https://jpetstore.cfapps.io/images/fish_icon.gif" in HTML "https://jpetstore.cfapps.io/catalog"  	[MsgId: MMSG-26659]
vuser_init.c(8): Found resource "https://jpetstore.cfapps.io/images/dogs_icon.gif" in HTML "https://jpetstore.cfapps.io/catalog"  	[MsgId: MMSG-26659]
vuser_init.c(8): Found resource "https://jpetstore.cfapps.io/images/reptiles_icon.gif" in HTML "https://jpetstore.cfapps.io/catalog"  	[MsgId: MMSG-26659]
vuser_init.c(8): Found resource "https://jpetstore.cfapps.io/images/cats_icon.gif" in HTML "https://jpetstore.cfapps.io/catalog"  	[MsgId: MMSG-26659]
vuser_init.c(8): Found resource "https://jpetstore.cfapps.io/images/birds_icon.gif" in HTML "https://jpetstore.cfapps.io/catalog"  	[MsgId: MMSG-26659]
vuser_init.c(8): Found resource "https://jpetstore.cfapps.io/images/splash.gif" in HTML "https://jpetstore.cfapps.io/catalog"  	[MsgId: MMSG-26659]
vuser_init.c(8): Registered web_reg_find successful for "Text=JPetStore Demo" (count=1)  	[MsgId: MMSG-26364]
vuser_init.c(8): web_url("catalog") was successful, 56994 body bytes, 8611 header bytes, 19 chunking overhead bytes  	[MsgId: MMSG-26385]
vuser_init.c(20): Notify: Transaction "ClickSignIn" started.
vuser_init.c(22): web_reg_find started  	[MsgId: MMSG-26355]
vuser_init.c(22): Registering web_reg_find was successful  	[MsgId: MMSG-26390]
vuser_init.c(26): web_reg_save_param_ex started  	[MsgId: MMSG-26355]
vuser_init.c(26): Registering web_reg_save_param_ex was successful  	[MsgId: MMSG-26390]
vuser_init.c(35): web_url("Sign In") started  	[MsgId: MMSG-26355]
vuser_init.c(35): Found resource "https://jpetstore.cfapps.io/css/jpetstore.css" in HTML "https://jpetstore.cfapps.io/login"  	[MsgId: MMSG-26659]
vuser_init.c(35): Found resource "https://jpetstore.cfapps.io/images/logo-topbar.gif" in HTML "https://jpetstore.cfapps.io/login"  	[MsgId: MMSG-26659]
vuser_init.c(35): Found resource "https://jpetstore.cfapps.io/images/cart.gif" in HTML "https://jpetstore.cfapps.io/login"  	[MsgId: MMSG-26659]
vuser_init.c(35): Found resource "https://jpetstore.cfapps.io/images/separator.gif" in HTML "https://jpetstore.cfapps.io/login"  	[MsgId: MMSG-26659]
vuser_init.c(35): Found resource "https://jpetstore.cfapps.io/images/sm_fish.gif" in HTML "https://jpetstore.cfapps.io/login"  	[MsgId: MMSG-26659]
vuser_init.c(35): Found resource "https://jpetstore.cfapps.io/images/sm_dogs.gif" in HTML "https://jpetstore.cfapps.io/login"  	[MsgId: MMSG-26659]
vuser_init.c(35): Found resource "https://jpetstore.cfapps.io/images/sm_reptiles.gif" in HTML "https://jpetstore.cfapps.io/login"  	[MsgId: MMSG-26659]
vuser_init.c(35): Found resource "https://jpetstore.cfapps.io/images/sm_cats.gif" in HTML "https://jpetstore.cfapps.io/login"  	[MsgId: MMSG-26659]
vuser_init.c(35): Found resource "https://jpetstore.cfapps.io/images/sm_birds.gif" in HTML "https://jpetstore.cfapps.io/login"  	[MsgId: MMSG-26659]
vuser_init.c(35): Downloading resource "https://jpetstore.cfapps.io/favicon.ico" (specified by argument number 10)  	[MsgId: MMSG-26577]
vuser_init.c(35): Notify: Saving Parameter "my_csrf = 51f69fdc-4247-4e88-a9d0-bb94c51391ac".
vuser_init.c(35): Registered web_reg_find successful for "Text=JPetStore Demo" (count=1)  	[MsgId: MMSG-26364]
vuser_init.c(35): web_url("Sign In") was successful, 16537 body bytes, 5458 header bytes, 19 chunking overhead bytes  	[MsgId: MMSG-26385]
vuser_init.c(47): Notify: Transaction "ClickSignIn" ended with a "Pass" status (Duration: 0.4800 Wasted Time: 0.0586).
vuser_init.c(51): Notify: Transaction "ManageLogin" started.
vuser_init.c(53): web_reg_find started  	[MsgId: MMSG-26355]
vuser_init.c(53): Registering web_reg_find was successful  	[MsgId: MMSG-26390]
vuser_init.c(55): web_reg_find started  	[MsgId: MMSG-26355]
vuser_init.c(55): Registering web_reg_find was successful  	[MsgId: MMSG-26390]
vuser_init.c(58): web_submit_data("login") started  	[MsgId: MMSG-26355]
vuser_init.c(58): Notify: Parameter Substitution: parameter "my_csrf" =  "51f69fdc-4247-4e88-a9d0-bb94c51391ac"
vuser_init.c(58): Notify: Parameter Substitution: parameter "Login" =  "bilbo"
vuser_init.c(58): Notify: Parameter Substitution: parameter "Password" =  "youshallnotpass"
vuser_init.c(58): Redirecting "https://jpetstore.cfapps.io/login" (redirection depth is 0)  	[MsgId: MMSG-26694]
vuser_init.c(58): To location "https://jpetstore.cfapps.io/catalog"  	[MsgId: MMSG-26693]
vuser_init.c(58): Found resource "https://jpetstore.cfapps.io/css/jpetstore.css" in HTML "https://jpetstore.cfapps.io/catalog"  	[MsgId: MMSG-26659]
vuser_init.c(58): Found resource "https://jpetstore.cfapps.io/images/logo-topbar.gif" in HTML "https://jpetstore.cfapps.io/catalog"  	[MsgId: MMSG-26659]
vuser_init.c(58): Found resource "https://jpetstore.cfapps.io/images/cart.gif" in HTML "https://jpetstore.cfapps.io/catalog"  	[MsgId: MMSG-26659]
vuser_init.c(58): Found resource "https://jpetstore.cfapps.io/images/separator.gif" in HTML "https://jpetstore.cfapps.io/catalog"  	[MsgId: MMSG-26659]
vuser_init.c(58): Found resource "https://jpetstore.cfapps.io/images/sm_fish.gif" in HTML "https://jpetstore.cfapps.io/catalog"  	[MsgId: MMSG-26659]
vuser_init.c(58): Found resource "https://jpetstore.cfapps.io/images/sm_dogs.gif" in HTML "https://jpetstore.cfapps.io/catalog"  	[MsgId: MMSG-26659]
vuser_init.c(58): Found resource "https://jpetstore.cfapps.io/images/sm_reptiles.gif" in HTML "https://jpetstore.cfapps.io/catalog"  	[MsgId: MMSG-26659]
vuser_init.c(58): Found resource "https://jpetstore.cfapps.io/images/sm_cats.gif" in HTML "https://jpetstore.cfapps.io/catalog"  	[MsgId: MMSG-26659]
vuser_init.c(58): Found resource "https://jpetstore.cfapps.io/images/sm_birds.gif" in HTML "https://jpetstore.cfapps.io/catalog"  	[MsgId: MMSG-26659]
vuser_init.c(58): Downloading resource "https://jpetstore.cfapps.io/favicon.ico" (specified by argument number 20)  	[MsgId: MMSG-26577]
vuser_init.c(58): Found resource "https://jpetstore.cfapps.io/images/fish_icon.gif" in HTML "https://jpetstore.cfapps.io/catalog"  	[MsgId: MMSG-26659]
vuser_init.c(58): Found resource "https://jpetstore.cfapps.io/images/dogs_icon.gif" in HTML "https://jpetstore.cfapps.io/catalog"  	[MsgId: MMSG-26659]
vuser_init.c(58): Found resource "https://jpetstore.cfapps.io/images/reptiles_icon.gif" in HTML "https://jpetstore.cfapps.io/catalog"  	[MsgId: MMSG-26659]
vuser_init.c(58): Found resource "https://jpetstore.cfapps.io/images/cats_icon.gif" in HTML "https://jpetstore.cfapps.io/catalog"  	[MsgId: MMSG-26659]
vuser_init.c(58): Found resource "https://jpetstore.cfapps.io/images/birds_icon.gif" in HTML "https://jpetstore.cfapps.io/catalog"  	[MsgId: MMSG-26659]
vuser_init.c(58): Found resource "https://jpetstore.cfapps.io/images/splash.gif" in HTML "https://jpetstore.cfapps.io/catalog"  	[MsgId: MMSG-26659]
vuser_init.c(58): Found resource "https://jpetstore.cfapps.io/images/banner_dogs.gif" in HTML "https://jpetstore.cfapps.io/catalog"  	[MsgId: MMSG-26659]
vuser_init.c(58): Registered web_reg_find successful for "Text=JPetStore Demo" (count=1)  	[MsgId: MMSG-26364]
vuser_init.c(58): Registered web_reg_find successful for "Text=Sign Out" (count=1)  	[MsgId: MMSG-26364]
vuser_init.c(58): web_submit_data("login") was successful, 63411 body bytes, 9563 header bytes, 19 chunking overhead bytes  	[MsgId: MMSG-26385]
vuser_init.c(74): Notify: Transaction "ManageLogin" ended with a "Pass" status (Duration: 1.9084 Wasted Time: 0.0262).
Ending action vuser_init.
Running Vuser...
Starting iteration 1.
Starting action AddAnimal_RemoveAnimal.
SelectAnimal.c(3): Notify: Transaction "ClickAnimal" started.
SelectAnimal.c(5): web_reg_find started  	[MsgId: MMSG-26355]
SelectAnimal.c(5): Registering web_reg_find was successful  	[MsgId: MMSG-26390]
SelectAnimal.c(8): web_reg_find started  	[MsgId: MMSG-26355]
SelectAnimal.c(8): Notify: Parameter Substitution: parameter "Category" =  "FISH"
SelectAnimal.c(8): Registering web_reg_find was successful  	[MsgId: MMSG-26390]
SelectAnimal.c(17): web_reg_save_param_ex started  	[MsgId: MMSG-26355]
SelectAnimal.c(17): Notify: Parameter Substitution: parameter "Category" =  "FISH"
SelectAnimal.c(17): Registering web_reg_save_param_ex was successful  	[MsgId: MMSG-26390]
SelectAnimal.c(28): web_url("Animal") started  	[MsgId: MMSG-26355]
SelectAnimal.c(28): Notify: Parameter Substitution: parameter "Category" =  "FISH"
SelectAnimal.c(28): Found resource "https://jpetstore.cfapps.io/css/jpetstore.css" in HTML "https://jpetstore.cfapps.io/catalog/categories/FISH"  	[MsgId: MMSG-26659]
SelectAnimal.c(28): Found resource "https://jpetstore.cfapps.io/images/logo-topbar.gif" in HTML "https://jpetstore.cfapps.io/catalog/categories/FISH"  	[MsgId: MMSG-26659]
SelectAnimal.c(28): Found resource "https://jpetstore.cfapps.io/images/cart.gif" in HTML "https://jpetstore.cfapps.io/catalog/categories/FISH"  	[MsgId: MMSG-26659]
SelectAnimal.c(28): Found resource "https://jpetstore.cfapps.io/images/separator.gif" in HTML "https://jpetstore.cfapps.io/catalog/categories/FISH"  	[MsgId: MMSG-26659]
SelectAnimal.c(28): Found resource "https://jpetstore.cfapps.io/images/sm_fish.gif" in HTML "https://jpetstore.cfapps.io/catalog/categories/FISH"  	[MsgId: MMSG-26659]
SelectAnimal.c(28): Found resource "https://jpetstore.cfapps.io/images/sm_dogs.gif" in HTML "https://jpetstore.cfapps.io/catalog/categories/FISH"  	[MsgId: MMSG-26659]
SelectAnimal.c(28): Found resource "https://jpetstore.cfapps.io/images/sm_reptiles.gif" in HTML "https://jpetstore.cfapps.io/catalog/categories/FISH"  	[MsgId: MMSG-26659]
SelectAnimal.c(28): Found resource "https://jpetstore.cfapps.io/images/sm_cats.gif" in HTML "https://jpetstore.cfapps.io/catalog/categories/FISH"  	[MsgId: MMSG-26659]
SelectAnimal.c(28): Found resource "https://jpetstore.cfapps.io/images/sm_birds.gif" in HTML "https://jpetstore.cfapps.io/catalog/categories/FISH"  	[MsgId: MMSG-26659]
SelectAnimal.c(28): Downloading resource "https://jpetstore.cfapps.io/favicon.ico" (specified by argument number 10)  	[MsgId: MMSG-26577]
SelectAnimal.c(28): Found resource "https://jpetstore.cfapps.io/images/banner_dogs.gif" in HTML "https://jpetstore.cfapps.io/catalog/categories/FISH"  	[MsgId: MMSG-26659]
SelectAnimal.c(28): Notify: Saving Parameter "ProductID_1 = FI-SW-01".
SelectAnimal.c(28): Notify: Saving Parameter "ProductID_2 = FI-SW-02".
SelectAnimal.c(28): Notify: Saving Parameter "ProductID_3 = FI-FW-01".
SelectAnimal.c(28): Notify: Saving Parameter "ProductID_4 = FI-FW-02".
SelectAnimal.c(28): Notify: Saving Parameter "ProductID_count = 4".
SelectAnimal.c(28): Registered web_reg_find successful for "Text=JPetStore Demo" (count=1)  	[MsgId: MMSG-26364]
SelectAnimal.c(28): Registered web_reg_find successful for "Text=FISH" (count=1)  	[MsgId: MMSG-26364]
SelectAnimal.c(28): web_url("Animal") was successful, 23438 body bytes, 5957 header bytes, 19 chunking overhead bytes  	[MsgId: MMSG-26385]
SelectAnimal.c(40): Notify: Transaction "ClickAnimal" ended with a "Pass" status (Duration: 0.4752 Wasted Time: 0.0695).
AddAnimal_RemoveAnimal.c(6): Notify: Parameter Substitution: parameter "ProductID_count" =  "4"
AddAnimal_RemoveAnimal.c(6): Notify: Parameter Substitution: parameter "ProductID_3" =  "FI-FW-01"
AddAnimal_RemoveAnimal.c(6): Notify: Saving Parameter "randProduct = FI-FW-01".
SelectProduct.c(5): Notify: Transaction "ClickProduct" started.
SelectProduct.c(7): web_reg_find started  	[MsgId: MMSG-26355]
SelectProduct.c(7): Registering web_reg_find was successful  	[MsgId: MMSG-26390]
SelectProduct.c(10): web_reg_find started  	[MsgId: MMSG-26355]
SelectProduct.c(10): Notify: Parameter Substitution: parameter "randProduct" =  "FI-FW-01"
SelectProduct.c(10): Registering web_reg_find was successful  	[MsgId: MMSG-26390]
SelectProduct.c(17): web_reg_save_param_ex started  	[MsgId: MMSG-26355]
SelectProduct.c(17): Notify: Parameter Substitution: parameter "randProduct" =  "FI-FW-01"
SelectProduct.c(17): Registering web_reg_save_param_ex was successful  	[MsgId: MMSG-26390]
SelectProduct.c(27): web_url("ProductID") started  	[MsgId: MMSG-26355]
SelectProduct.c(27): Notify: Parameter Substitution: parameter "randProduct" =  "FI-FW-01"
SelectProduct.c(27): Notify: Parameter Substitution: parameter "Category" =  "FISH"
SelectProduct.c(27): Found resource "https://jpetstore.cfapps.io/css/jpetstore.css" in HTML "https://jpetstore.cfapps.io/catalog/products/FI-FW-01"  	[MsgId: MMSG-26659]
SelectProduct.c(27): Found resource "https://jpetstore.cfapps.io/images/logo-topbar.gif" in HTML "https://jpetstore.cfapps.io/catalog/products/FI-FW-01"  	[MsgId: MMSG-26659]
SelectProduct.c(27): Found resource "https://jpetstore.cfapps.io/images/cart.gif" in HTML "https://jpetstore.cfapps.io/catalog/products/FI-FW-01"  	[MsgId: MMSG-26659]
SelectProduct.c(27): Found resource "https://jpetstore.cfapps.io/images/separator.gif" in HTML "https://jpetstore.cfapps.io/catalog/products/FI-FW-01"  	[MsgId: MMSG-26659]
SelectProduct.c(27): Found resource "https://jpetstore.cfapps.io/images/sm_fish.gif" in HTML "https://jpetstore.cfapps.io/catalog/products/FI-FW-01"  	[MsgId: MMSG-26659]
SelectProduct.c(27): Found resource "https://jpetstore.cfapps.io/images/sm_dogs.gif" in HTML "https://jpetstore.cfapps.io/catalog/products/FI-FW-01"  	[MsgId: MMSG-26659]
SelectProduct.c(27): Found resource "https://jpetstore.cfapps.io/images/sm_reptiles.gif" in HTML "https://jpetstore.cfapps.io/catalog/products/FI-FW-01"  	[MsgId: MMSG-26659]
SelectProduct.c(27): Found resource "https://jpetstore.cfapps.io/images/sm_cats.gif" in HTML "https://jpetstore.cfapps.io/catalog/products/FI-FW-01"  	[MsgId: MMSG-26659]
SelectProduct.c(27): Found resource "https://jpetstore.cfapps.io/images/sm_birds.gif" in HTML "https://jpetstore.cfapps.io/catalog/products/FI-FW-01"  	[MsgId: MMSG-26659]
SelectProduct.c(27): Downloading resource "https://jpetstore.cfapps.io/favicon.ico" (specified by argument number 10)  	[MsgId: MMSG-26577]
SelectProduct.c(27): Found resource "https://jpetstore.cfapps.io/images/banner_dogs.gif" in HTML "https://jpetstore.cfapps.io/catalog/products/FI-FW-01"  	[MsgId: MMSG-26659]
SelectProduct.c(27): Notify: Saving Parameter "itemId_1 = EST-4".
SelectProduct.c(27): Notify: Saving Parameter "itemId_2 = EST-5".
SelectProduct.c(27): Notify: Saving Parameter "itemId_count = 2".
SelectProduct.c(27): Registered web_reg_find successful for "Text=JPetStore Demo" (count=1)  	[MsgId: MMSG-26364]
SelectProduct.c(27): Registered web_reg_find successful for "Text=FI-FW-01" (count=2)  	[MsgId: MMSG-26364]
SelectProduct.c(27): web_url("ProductID") was successful, 24315 body bytes, 5957 header bytes, 19 chunking overhead bytes  	[MsgId: MMSG-26385]
SelectProduct.c(39): Notify: Transaction "ClickProduct" ended with a "Pass" status (Duration: 0,5019 Wasted Time: 0,0556).
AddAnimal_RemoveAnimal.c(15): Notify: Parameter Substitution: parameter "itemId_count" =  "2"
AddAnimal_RemoveAnimal.c(17): Notify: Parameter Substitution: parameter "itemId_1" =  "EST-4"
AddAnimal_RemoveAnimal.c(17): Notify: Saving Parameter "randItem = EST-4".
SelectItem.c(3): Notify: Transaction "ClickItem" started.
SelectItem.c(5): web_reg_find started  	[MsgId: MMSG-26355]
SelectItem.c(5): Registering web_reg_find was successful  	[MsgId: MMSG-26390]
SelectItem.c(8): web_reg_find started  	[MsgId: MMSG-26355]
SelectItem.c(8): Notify: Parameter Substitution: parameter "randItem" =  "EST-4"
SelectItem.c(8): Registering web_reg_find was successful  	[MsgId: MMSG-26390]
SelectItem.c(11): web_url("ItemID") started  	[MsgId: MMSG-26355]
SelectItem.c(11): Notify: Parameter Substitution: parameter "randItem" =  "EST-4"
SelectItem.c(11): Notify: Parameter Substitution: parameter "randProduct" =  "FI-FW-01"
SelectItem.c(11): Found resource "https://jpetstore.cfapps.io/css/jpetstore.css" in HTML "https://jpetstore.cfapps.io/catalog/items/EST-4"  	[MsgId: MMSG-26659]
SelectItem.c(11): Found resource "https://jpetstore.cfapps.io/images/logo-topbar.gif" in HTML "https://jpetstore.cfapps.io/catalog/items/EST-4"  	[MsgId: MMSG-26659]
SelectItem.c(11): Found resource "https://jpetstore.cfapps.io/images/cart.gif" in HTML "https://jpetstore.cfapps.io/catalog/items/EST-4"  	[MsgId: MMSG-26659]
SelectItem.c(11): Found resource "https://jpetstore.cfapps.io/images/separator.gif" in HTML "https://jpetstore.cfapps.io/catalog/items/EST-4"  	[MsgId: MMSG-26659]
SelectItem.c(11): Found resource "https://jpetstore.cfapps.io/images/sm_fish.gif" in HTML "https://jpetstore.cfapps.io/catalog/items/EST-4"  	[MsgId: MMSG-26659]
SelectItem.c(11): Found resource "https://jpetstore.cfapps.io/images/sm_dogs.gif" in HTML "https://jpetstore.cfapps.io/catalog/items/EST-4"  	[MsgId: MMSG-26659]
SelectItem.c(11): Found resource "https://jpetstore.cfapps.io/images/sm_reptiles.gif" in HTML "https://jpetstore.cfapps.io/catalog/items/EST-4"  	[MsgId: MMSG-26659]
SelectItem.c(11): Found resource "https://jpetstore.cfapps.io/images/sm_cats.gif" in HTML "https://jpetstore.cfapps.io/catalog/items/EST-4"  	[MsgId: MMSG-26659]
SelectItem.c(11): Found resource "https://jpetstore.cfapps.io/images/sm_birds.gif" in HTML "https://jpetstore.cfapps.io/catalog/items/EST-4"  	[MsgId: MMSG-26659]
SelectItem.c(11): Downloading resource "https://jpetstore.cfapps.io/favicon.ico" (specified by argument number 10)  	[MsgId: MMSG-26577]
SelectItem.c(11): Found resource "https://jpetstore.cfapps.io/images/fish3.gif" in HTML "https://jpetstore.cfapps.io/catalog/items/EST-4"  	[MsgId: MMSG-26659]
SelectItem.c(11): Found resource "https://jpetstore.cfapps.io/images/banner_dogs.gif" in HTML "https://jpetstore.cfapps.io/catalog/items/EST-4"  	[MsgId: MMSG-26659]
SelectItem.c(11): Registered web_reg_find successful for "Text=JPetStore Demo" (count=1)  	[MsgId: MMSG-26364]
SelectItem.c(11): Registered web_reg_find successful for "Text=EST-4" (count=2)  	[MsgId: MMSG-26364]
SelectItem.c(11): web_url("ItemID") was successful, 35448 body bytes, 6457 header bytes, 19 chunking overhead bytes  	[MsgId: MMSG-26385]
SelectItem.c(23): Notify: Transaction "ClickItem" ended with a "Pass" status (Duration: 0,4348 Wasted Time: 0,0211).
AddCart.c(3): Notify: Transaction "AddCart" started.
AddCart.c(5): web_reg_find started  	[MsgId: MMSG-26355]
AddCart.c(5): Registering web_reg_find was successful  	[MsgId: MMSG-26390]
AddCart.c(8): web_reg_find started  	[MsgId: MMSG-26355]
AddCart.c(8): Registering web_reg_find was successful  	[MsgId: MMSG-26390]
AddCart.c(11): web_url("Add to Cart") started  	[MsgId: MMSG-26355]
AddCart.c(11): Notify: Parameter Substitution: parameter "randItem" =  "EST-4"
AddCart.c(11): Notify: Parameter Substitution: parameter "randItem" =  "EST-4"
AddCart.c(11): Redirecting "https://jpetstore.cfapps.io/cart?add&itemId=EST-4" (redirection depth is 0)  	[MsgId: MMSG-26694]
AddCart.c(11): To location "https://jpetstore.cfapps.io/cart"  	[MsgId: MMSG-26693]
AddCart.c(11): Found resource "https://jpetstore.cfapps.io/css/jpetstore.css" in HTML "https://jpetstore.cfapps.io/cart"  	[MsgId: MMSG-26659]
AddCart.c(11): Found resource "https://jpetstore.cfapps.io/images/logo-topbar.gif" in HTML "https://jpetstore.cfapps.io/cart"  	[MsgId: MMSG-26659]
AddCart.c(11): Found resource "https://jpetstore.cfapps.io/images/cart.gif" in HTML "https://jpetstore.cfapps.io/cart"  	[MsgId: MMSG-26659]
AddCart.c(11): Found resource "https://jpetstore.cfapps.io/images/separator.gif" in HTML "https://jpetstore.cfapps.io/cart"  	[MsgId: MMSG-26659]
AddCart.c(11): Found resource "https://jpetstore.cfapps.io/images/sm_fish.gif" in HTML "https://jpetstore.cfapps.io/cart"  	[MsgId: MMSG-26659]
AddCart.c(11): Found resource "https://jpetstore.cfapps.io/images/sm_dogs.gif" in HTML "https://jpetstore.cfapps.io/cart"  	[MsgId: MMSG-26659]
AddCart.c(11): Found resource "https://jpetstore.cfapps.io/images/sm_reptiles.gif" in HTML "https://jpetstore.cfapps.io/cart"  	[MsgId: MMSG-26659]
AddCart.c(11): Found resource "https://jpetstore.cfapps.io/images/sm_cats.gif" in HTML "https://jpetstore.cfapps.io/cart"  	[MsgId: MMSG-26659]
AddCart.c(11): Found resource "https://jpetstore.cfapps.io/images/sm_birds.gif" in HTML "https://jpetstore.cfapps.io/cart"  	[MsgId: MMSG-26659]
AddCart.c(11): Downloading resource "https://jpetstore.cfapps.io/favicon.ico" (specified by argument number 10)  	[MsgId: MMSG-26577]
AddCart.c(11): Found resource "https://jpetstore.cfapps.io/images/banner_dogs.gif" in HTML "https://jpetstore.cfapps.io/cart"  	[MsgId: MMSG-26659]
AddCart.c(11): Registered web_reg_find successful for "Text=JPetStore Demo" (count=1)  	[MsgId: MMSG-26364]
AddCart.c(11): Registered web_reg_find successful for "Text=Shopping Cart" (count=1)  	[MsgId: MMSG-26364]
AddCart.c(11): web_url("Add to Cart") was successful, 27125 body bytes, 6432 header bytes, 20 chunking overhead bytes  	[MsgId: MMSG-26385]
AddCart.c(23): Notify: Transaction "AddCart" ended with a "Pass" status (Duration: 0.6215 Wasted Time: 0.0595).
AddAnimal_RemoveAnimal.c(15): Notify: Parameter Substitution: parameter "itemId_count" =  "2"
AddAnimal_RemoveAnimal.c(17): Notify: Parameter Substitution: parameter "itemId_2" =  "EST-5"
AddAnimal_RemoveAnimal.c(17): Notify: Saving Parameter "randItem = EST-5".
SelectItem.c(3): Notify: Transaction "ClickItem" started.
SelectItem.c(5): web_reg_find started  	[MsgId: MMSG-26355]
SelectItem.c(5): Registering web_reg_find was successful  	[MsgId: MMSG-26390]
SelectItem.c(8): web_reg_find started  	[MsgId: MMSG-26355]
SelectItem.c(8): Notify: Parameter Substitution: parameter "randItem" =  "EST-5"
SelectItem.c(8): Registering web_reg_find was successful  	[MsgId: MMSG-26390]
SelectItem.c(11): web_url("ItemID") started  	[MsgId: MMSG-26355]
SelectItem.c(11): Notify: Parameter Substitution: parameter "randItem" =  "EST-5"
SelectItem.c(11): Notify: Parameter Substitution: parameter "randProduct" =  "FI-FW-01"
SelectItem.c(11): Found resource "https://jpetstore.cfapps.io/css/jpetstore.css" in HTML "https://jpetstore.cfapps.io/catalog/items/EST-5"  	[MsgId: MMSG-26659]
SelectItem.c(11): Found resource "https://jpetstore.cfapps.io/images/logo-topbar.gif" in HTML "https://jpetstore.cfapps.io/catalog/items/EST-5"  	[MsgId: MMSG-26659]
SelectItem.c(11): Found resource "https://jpetstore.cfapps.io/images/cart.gif" in HTML "https://jpetstore.cfapps.io/catalog/items/EST-5"  	[MsgId: MMSG-26659]
SelectItem.c(11): Found resource "https://jpetstore.cfapps.io/images/separator.gif" in HTML "https://jpetstore.cfapps.io/catalog/items/EST-5"  	[MsgId: MMSG-26659]
SelectItem.c(11): Found resource "https://jpetstore.cfapps.io/images/sm_fish.gif" in HTML "https://jpetstore.cfapps.io/catalog/items/EST-5"  	[MsgId: MMSG-26659]
SelectItem.c(11): Found resource "https://jpetstore.cfapps.io/images/sm_dogs.gif" in HTML "https://jpetstore.cfapps.io/catalog/items/EST-5"  	[MsgId: MMSG-26659]
SelectItem.c(11): Found resource "https://jpetstore.cfapps.io/images/sm_reptiles.gif" in HTML "https://jpetstore.cfapps.io/catalog/items/EST-5"  	[MsgId: MMSG-26659]
SelectItem.c(11): Found resource "https://jpetstore.cfapps.io/images/sm_cats.gif" in HTML "https://jpetstore.cfapps.io/catalog/items/EST-5"  	[MsgId: MMSG-26659]
SelectItem.c(11): Found resource "https://jpetstore.cfapps.io/images/sm_birds.gif" in HTML "https://jpetstore.cfapps.io/catalog/items/EST-5"  	[MsgId: MMSG-26659]
SelectItem.c(11): Downloading resource "https://jpetstore.cfapps.io/favicon.ico" (specified by argument number 10)  	[MsgId: MMSG-26577]
SelectItem.c(11): Found resource "https://jpetstore.cfapps.io/images/fish3.gif" in HTML "https://jpetstore.cfapps.io/catalog/items/EST-5"  	[MsgId: MMSG-26659]
SelectItem.c(11): Found resource "https://jpetstore.cfapps.io/images/banner_dogs.gif" in HTML "https://jpetstore.cfapps.io/catalog/items/EST-5"  	[MsgId: MMSG-26659]
SelectItem.c(11): Registered web_reg_find successful for "Text=JPetStore Demo" (count=1)  	[MsgId: MMSG-26364]
SelectItem.c(11): Registered web_reg_find successful for "Text=EST-5" (count=2)  	[MsgId: MMSG-26364]
SelectItem.c(11): web_url("ItemID") was successful, 35449 body bytes, 6457 header bytes, 19 chunking overhead bytes  	[MsgId: MMSG-26385]
SelectItem.c(23): Notify: Transaction "ClickItem" ended with a "Pass" status (Duration: 0.4402 Wasted Time: 0.0191).
AddCart.c(3): Notify: Transaction "AddCart" started.
AddCart.c(5): web_reg_find started  	[MsgId: MMSG-26355]
AddCart.c(5): Registering web_reg_find was successful  	[MsgId: MMSG-26390]
AddCart.c(8): web_reg_find started  	[MsgId: MMSG-26355]
AddCart.c(8): Registering web_reg_find was successful  	[MsgId: MMSG-26390]
AddCart.c(11): web_url("Add to Cart") started  	[MsgId: MMSG-26355]
AddCart.c(11): Notify: Parameter Substitution: parameter "randItem" =  "EST-5"
AddCart.c(11): Notify: Parameter Substitution: parameter "randItem" =  "EST-5"
AddCart.c(11): Redirecting "https://jpetstore.cfapps.io/cart?add&itemId=EST-5" (redirection depth is 0)  	[MsgId: MMSG-26694]
AddCart.c(11): To location "https://jpetstore.cfapps.io/cart"  	[MsgId: MMSG-26693]
AddCart.c(11): Found resource "https://jpetstore.cfapps.io/css/jpetstore.css" in HTML "https://jpetstore.cfapps.io/cart"  	[MsgId: MMSG-26659]
AddCart.c(11): Found resource "https://jpetstore.cfapps.io/images/logo-topbar.gif" in HTML "https://jpetstore.cfapps.io/cart"  	[MsgId: MMSG-26659]
AddCart.c(11): Found resource "https://jpetstore.cfapps.io/images/cart.gif" in HTML "https://jpetstore.cfapps.io/cart"  	[MsgId: MMSG-26659]
AddCart.c(11): Found resource "https://jpetstore.cfapps.io/images/separator.gif" in HTML "https://jpetstore.cfapps.io/cart"  	[MsgId: MMSG-26659]
AddCart.c(11): Found resource "https://jpetstore.cfapps.io/images/sm_fish.gif" in HTML "https://jpetstore.cfapps.io/cart"  	[MsgId: MMSG-26659]
AddCart.c(11): Found resource "https://jpetstore.cfapps.io/images/sm_dogs.gif" in HTML "https://jpetstore.cfapps.io/cart"  	[MsgId: MMSG-26659]
AddCart.c(11): Found resource "https://jpetstore.cfapps.io/images/sm_reptiles.gif" in HTML "https://jpetstore.cfapps.io/cart"  	[MsgId: MMSG-26659]
AddCart.c(11): Found resource "https://jpetstore.cfapps.io/images/sm_cats.gif" in HTML "https://jpetstore.cfapps.io/cart"  	[MsgId: MMSG-26659]
AddCart.c(11): Found resource "https://jpetstore.cfapps.io/images/sm_birds.gif" in HTML "https://jpetstore.cfapps.io/cart"  	[MsgId: MMSG-26659]
AddCart.c(11): Downloading resource "https://jpetstore.cfapps.io/favicon.ico" (specified by argument number 10)  	[MsgId: MMSG-26577]
AddCart.c(11): Found resource "https://jpetstore.cfapps.io/images/banner_dogs.gif" in HTML "https://jpetstore.cfapps.io/cart"  	[MsgId: MMSG-26659]
AddCart.c(11): Registered web_reg_find successful for "Text=JPetStore Demo" (count=1)  	[MsgId: MMSG-26364]
AddCart.c(11): Registered web_reg_find successful for "Text=Shopping Cart" (count=1)  	[MsgId: MMSG-26364]
AddCart.c(11): web_url("Add to Cart") was successful, 28669 body bytes, 6432 header bytes, 20 chunking overhead bytes  	[MsgId: MMSG-26385]
AddCart.c(23): Notify: Transaction "AddCart" ended with a "Pass" status (Duration: 0.5727 Wasted Time: 0.0558).
AddAnimal_RemoveAnimal.c(15): Notify: Parameter Substitution: parameter "itemId_count" =  "2"
Checkout.c(3): Notify: Transaction "ClickCheckOut" started.
Checkout.c(5): web_reg_find started  	[MsgId: MMSG-26355]
Checkout.c(5): Registering web_reg_find was successful  	[MsgId: MMSG-26390]
Checkout.c(7): web_set_max_html_param_len started  	[MsgId: MMSG-26355]
Checkout.c(7): web_set_max_html_param_len was successful  	[MsgId: MMSG-26392]
Checkout.c(9): web_reg_save_param_ex started  	[MsgId: MMSG-26355]
Checkout.c(9): Registering web_reg_save_param_ex was successful  	[MsgId: MMSG-26390]
Checkout.c(18): web_url("Proceed to Checkout") started  	[MsgId: MMSG-26355]
Checkout.c(18): Found resource "https://jpetstore.cfapps.io/css/jpetstore.css" in HTML "https://jpetstore.cfapps.io/my/orders/create?form"  	[MsgId: MMSG-26659]
Checkout.c(18): Found resource "https://jpetstore.cfapps.io/images/logo-topbar.gif" in HTML "https://jpetstore.cfapps.io/my/orders/create?form"  	[MsgId: MMSG-26659]
Checkout.c(18): Found resource "https://jpetstore.cfapps.io/images/cart.gif" in HTML "https://jpetstore.cfapps.io/my/orders/create?form"  	[MsgId: MMSG-26659]
Checkout.c(18): Found resource "https://jpetstore.cfapps.io/images/separator.gif" in HTML "https://jpetstore.cfapps.io/my/orders/create?form"  	[MsgId: MMSG-26659]
Checkout.c(18): Found resource "https://jpetstore.cfapps.io/images/sm_fish.gif" in HTML "https://jpetstore.cfapps.io/my/orders/create?form"  	[MsgId: MMSG-26659]
Checkout.c(18): Found resource "https://jpetstore.cfapps.io/images/sm_dogs.gif" in HTML "https://jpetstore.cfapps.io/my/orders/create?form"  	[MsgId: MMSG-26659]
Checkout.c(18): Found resource "https://jpetstore.cfapps.io/images/sm_reptiles.gif" in HTML "https://jpetstore.cfapps.io/my/orders/create?form"  	[MsgId: MMSG-26659]
Checkout.c(18): Found resource "https://jpetstore.cfapps.io/images/sm_cats.gif" in HTML "https://jpetstore.cfapps.io/my/orders/create?form"  	[MsgId: MMSG-26659]
Checkout.c(18): Found resource "https://jpetstore.cfapps.io/images/sm_birds.gif" in HTML "https://jpetstore.cfapps.io/my/orders/create?form"  	[MsgId: MMSG-26659]
Checkout.c(18): Downloading resource "https://jpetstore.cfapps.io/favicon.ico" (specified by argument number 10)  	[MsgId: MMSG-26577]
Checkout.c(18): Found resource "https://jpetstore.cfapps.io/images/banner_dogs.gif" in HTML "https://jpetstore.cfapps.io/my/orders/create?form"  	[MsgId: MMSG-26659]
Checkout.c(18): Notify: Saving Parameter "my_csrf_out = 8db8d517-babc-4a4b-9824-780d908e0af9".
Checkout.c(18): Registered web_reg_find successful for "Text=JPetStore Demo" (count=1)  	[MsgId: MMSG-26364]
Checkout.c(18): web_url("Proceed to Checkout") was successful, 26608 body bytes, 5889 header bytes, 20 chunking overhead bytes  	[MsgId: MMSG-26385]
Checkout.c(30): Notify: Transaction "ClickCheckOut" ended with a "Pass" status (Duration: 0,4897 Wasted Time: 0,0618).
Checkout.c(34): Notify: Transaction "FillInPaiement" started.
Checkout.c(36): web_reg_find started  	[MsgId: MMSG-26355]
Checkout.c(36): Registering web_reg_find was successful  	[MsgId: MMSG-26390]
Checkout.c(39): web_reg_find started  	[MsgId: MMSG-26355]
Checkout.c(39): Registering web_reg_find was successful  	[MsgId: MMSG-26390]
Checkout.c(42): web_submit_data("create") started  	[MsgId: MMSG-26355]
Checkout.c(42): Notify: Parameter Substitution: parameter "my_csrf_out" =  "8db8d517-babc-4a4b-9824-780d908e0af9"
Checkout.c(42): Found resource "https://jpetstore.cfapps.io/css/jpetstore.css" in HTML "https://jpetstore.cfapps.io/my/orders/create"  	[MsgId: MMSG-26659]
Checkout.c(42): Found resource "https://jpetstore.cfapps.io/images/logo-topbar.gif" in HTML "https://jpetstore.cfapps.io/my/orders/create"  	[MsgId: MMSG-26659]
Checkout.c(42): Found resource "https://jpetstore.cfapps.io/images/cart.gif" in HTML "https://jpetstore.cfapps.io/my/orders/create"  	[MsgId: MMSG-26659]
Checkout.c(42): Found resource "https://jpetstore.cfapps.io/images/separator.gif" in HTML "https://jpetstore.cfapps.io/my/orders/create"  	[MsgId: MMSG-26659]
Checkout.c(42): Found resource "https://jpetstore.cfapps.io/images/sm_fish.gif" in HTML "https://jpetstore.cfapps.io/my/orders/create"  	[MsgId: MMSG-26659]
Checkout.c(42): Found resource "https://jpetstore.cfapps.io/images/sm_dogs.gif" in HTML "https://jpetstore.cfapps.io/my/orders/create"  	[MsgId: MMSG-26659]
Checkout.c(42): Found resource "https://jpetstore.cfapps.io/images/sm_reptiles.gif" in HTML "https://jpetstore.cfapps.io/my/orders/create"  	[MsgId: MMSG-26659]
Checkout.c(42): Found resource "https://jpetstore.cfapps.io/images/sm_cats.gif" in HTML "https://jpetstore.cfapps.io/my/orders/create"  	[MsgId: MMSG-26659]
Checkout.c(42): Found resource "https://jpetstore.cfapps.io/images/sm_birds.gif" in HTML "https://jpetstore.cfapps.io/my/orders/create"  	[MsgId: MMSG-26659]
Checkout.c(42): Found resource "https://jpetstore.cfapps.io/images/banner_dogs.gif" in HTML "https://jpetstore.cfapps.io/my/orders/create"  	[MsgId: MMSG-26659]
Checkout.c(42): Downloading resource "https://jpetstore.cfapps.io/favicon.ico" (specified by argument number 53)  	[MsgId: MMSG-26577]
Checkout.c(42): Registered web_reg_find successful for "Text=JPetStore Demo" (count=1)  	[MsgId: MMSG-26364]
Checkout.c(42): Registered web_reg_find successful for "Text=Order" (count=1)  	[MsgId: MMSG-26364]
Checkout.c(42): web_submit_data("create") was successful, 25326 body bytes, 5883 header bytes  	[MsgId: MMSG-26386]
Checkout.c(69): Notify: Transaction "FillInPaiement" ended with a "Pass" status (Duration: 0.4670 Wasted Time: 0.0577).
Checkout.c(73): Notify: Transaction "Submit" started.
Checkout.c(75): web_reg_find started  	[MsgId: MMSG-26355]
Checkout.c(75): Registering web_reg_find was successful  	[MsgId: MMSG-26390]
Checkout.c(78): web_reg_find started  	[MsgId: MMSG-26355]
Checkout.c(78): Registering web_reg_find was successful  	[MsgId: MMSG-26390]
Checkout.c(81): web_submit_data("create_2") started  	[MsgId: MMSG-26355]
Checkout.c(81): Notify: Parameter Substitution: parameter "my_csrf_out" =  "8db8d517-babc-4a4b-9824-780d908e0af9"
Checkout.c(81): Redirecting "https://jpetstore.cfapps.io/my/orders/create" (redirection depth is 0)  	[MsgId: MMSG-26694]
Checkout.c(81): To location "https://jpetstore.cfapps.io/my/orders/1026"  	[MsgId: MMSG-26693]
Checkout.c(81): Found resource "https://jpetstore.cfapps.io/css/jpetstore.css" in HTML "https://jpetstore.cfapps.io/my/orders/1026"  	[MsgId: MMSG-26659]
Checkout.c(81): Found resource "https://jpetstore.cfapps.io/images/logo-topbar.gif" in HTML "https://jpetstore.cfapps.io/my/orders/1026"  	[MsgId: MMSG-26659]
Checkout.c(81): Found resource "https://jpetstore.cfapps.io/images/cart.gif" in HTML "https://jpetstore.cfapps.io/my/orders/1026"  	[MsgId: MMSG-26659]
Checkout.c(81): Found resource "https://jpetstore.cfapps.io/images/separator.gif" in HTML "https://jpetstore.cfapps.io/my/orders/1026"  	[MsgId: MMSG-26659]
Checkout.c(81): Found resource "https://jpetstore.cfapps.io/images/sm_fish.gif" in HTML "https://jpetstore.cfapps.io/my/orders/1026"  	[MsgId: MMSG-26659]
Checkout.c(81): Found resource "https://jpetstore.cfapps.io/images/sm_dogs.gif" in HTML "https://jpetstore.cfapps.io/my/orders/1026"  	[MsgId: MMSG-26659]
Checkout.c(81): Found resource "https://jpetstore.cfapps.io/images/sm_reptiles.gif" in HTML "https://jpetstore.cfapps.io/my/orders/1026"  	[MsgId: MMSG-26659]
Checkout.c(81): Found resource "https://jpetstore.cfapps.io/images/sm_cats.gif" in HTML "https://jpetstore.cfapps.io/my/orders/1026"  	[MsgId: MMSG-26659]
Checkout.c(81): Found resource "https://jpetstore.cfapps.io/images/sm_birds.gif" in HTML "https://jpetstore.cfapps.io/my/orders/1026"  	[MsgId: MMSG-26659]
Checkout.c(81): Downloading resource "https://jpetstore.cfapps.io/favicon.ico" (specified by argument number 14)  	[MsgId: MMSG-26577]
Checkout.c(81): Found resource "https://jpetstore.cfapps.io/images/banner_dogs.gif" in HTML "https://jpetstore.cfapps.io/my/orders/1026"  	[MsgId: MMSG-26659]
Checkout.c(81): Registered web_reg_find successful for "Text=JPetStore Demo" (count=1)  	[MsgId: MMSG-26364]
Checkout.c(81): Registered web_reg_find successful for "Text=Thank you, your order has been submitted." (count=1)  	[MsgId: MMSG-26364]
Checkout.c(81): web_submit_data("create_2") was successful, 29115 body bytes, 6306 header bytes, 20 chunking overhead bytes  	[MsgId: MMSG-26385]
Checkout.c(95): Notify: Transaction "Submit" ended with a "Pass" status (Duration: 0,6675 Wasted Time: 0,0545).
Ending action AddAnimal_RemoveAnimal.
Ending iteration 1.
Ending Vuser...
Starting action vuser_end.
Ending action vuser_end.
Vuser Terminated.
Vuser 0 (thread 13844), ended OK."
